<?xml version="1.0" encoding="UTF-8"?>
<!-- Generated by org.testng.reporters.JUnitXMLReporter -->
<testsuite hostname="LAPTOP-7PNVD7B6" ignored="0" name="Test" tests="4" failures="1" timestamp="12 Sep 2019 14:28:47 GMT" time="57.624" errors="0">
  <testcase name="navbar" time="3.397" classname="sampleProject.navbarvalidity">
    <failure type="java.lang.NullPointerException">
      <![CDATA[java.lang.NullPointerException
	at sampleProject.navbarvalidity.navbar(navbarvalidity.java:17)
... Removed 25 stack frames]]>
    </failure>
  </testcase> <!-- navbar -->
  <testcase name="homepageNavigation" time="19.234" classname="sampleProject.HomepageTest"/>
  <testcase name="homepageNavigation" time="13.979" classname="sampleProject.HomepageTest"/>
  <testcase name="verify" time="20.574" classname="sampleProject.verificationTest"/>
</testsuite> <!-- Test -->
